API listening on port 5000
[0mGET /api/health [32m200[0m 13.233 ms - 15[0m
[0mGET /api%20/recipes [33m404[0m 7.396 ms - 153[0m
[0mGET /api%20/recipes [33m404[0m 2.802 ms - 153[0m
[0mGET /api%20/recipes?category=Dinner [33m404[0m 1.061 ms - 153[0m
[0mGET /api%20/recipes [33m404[0m 1.655 ms - 153[0m
[0mPOST /api%20/auth/register [33m404[0m 1.127 ms - 160[0m
[0mPOST /api%20/auth/register [33m404[0m 0.506 ms - 160[0m
[0mPOST /api%20/auth/register [33m404[0m 0.826 ms - 160[0m
[0mPOST /api%20/auth/register [33m404[0m 0.809 ms - 160[0m
[0mPOST /api%20/auth/register [33m404[0m 1.161 ms - 160[0m
[0mGET /api/health [32m200[0m 2.197 ms - 15[0m
[0mGET /favicon.ico [33m404[0m 2.987 ms - 150[0m
[0mGET /api%20/recipes [33m404[0m 4.148 ms - 153[0m
[0mGET /api%20/recipes [33m404[0m 3.031 ms - 153[0m
[0mGET /api/health [32m200[0m 1.136 ms - 15[0m
[0mPOST /api/auth/register [32m201[0m 261.291 ms - 367[0m
[0mPOST /api%20/auth/login [33m404[0m 0.514 ms - 157[0m
[0mGET /api/health [36m304[0m 2.574 ms - -[0m
[0mGET /api/health [36m304[0m 1.984 ms - -[0m
[0mGET /api/health [36m304[0m 1.653 ms - -[0m
[0mGET /api%20/recipes [33m404[0m 1.157 ms - 153[0m
[0mGET /api%20/recipes [33m404[0m 5.604 ms - 153[0m
[0mGET /api/health [36m304[0m 1.606 ms - -[0m
[0mPOST /api%20/auth/login [33m404[0m 0.665 ms - 157[0m
[0mPOST /api%20/auth/register [33m404[0m 0.632 ms - 160[0m
[0mGET /api [33m404[0m 3.333 ms - 142[0m
[0mGET /api/health [32m200[0m 3.294 ms - 15[0m
[0mGET /api/recipes [32m200[0m 16.649 ms - 2[0m
[0mGET /api/recipes [36m304[0m 8.261 ms - -[0m
[0mPOST /api/auth/login [33m401[0m 92.337 ms - 33[0m
[0mPOST /api/auth/login [33m401[0m 96.088 ms - 33[0m
[0mPOST /api/auth/login [33m401[0m 92.288 ms - 33[0m
[0mPOST /api/auth/register [32m201[0m 103.418 ms - 361[0m
[0mGET /api/recipes [36m304[0m 10.843 ms - -[0m
[0mGET /api/recipes [36m304[0m 13.195 ms - -[0m
[0mPOST /api/recipes [32m201[0m 148.676 ms - 1218[0m
[0mGET /api/recipes/0d1b5cb1-dc2f-4e7d-8f53-75361f5b9286 [32m200[0m 15.009 ms - 1245[0m
[0mGET /api/recipes/0d1b5cb1-dc2f-4e7d-8f53-75361f5b9286 [36m304[0m 9.987 ms - -[0m
[0mPOST /api/recipes/0d1b5cb1-dc2f-4e7d-8f53-75361f5b9286/favorite [32m200[0m 21.447 ms - 54[0m
[0mPOST /api/recipes/0d1b5cb1-dc2f-4e7d-8f53-75361f5b9286/ratings [32m201[0m 11.168 ms - 19[0m
[0mPOST /api/recipes/0d1b5cb1-dc2f-4e7d-8f53-75361f5b9286/ratings [32m201[0m 13.005 ms - 19[0m
[0mGET /api/recipes/me/favorites [32m200[0m 20.600 ms - 1220[0m
[0mGET /api/recipes/me/favorites [36m304[0m 16.099 ms - -[0m
[0mGET /api/recipes/me/favorites [36m304[0m 13.594 ms - -[0m
[0mGET /api/recipes/me/favorites [36m304[0m 11.703 ms - -[0m
[0mGET /api/recipes/0d1b5cb1-dc2f-4e7d-8f53-75361f5b9286 [32m200[0m 27.079 ms - 1434[0m
[0mGET /api/recipes/0d1b5cb1-dc2f-4e7d-8f53-75361f5b9286 [36m304[0m 22.737 ms - -[0m
[0mGET /api/recipes [32m200[0m 10.470 ms - 1220[0m
[0mGET /api/recipes [36m304[0m 8.487 ms - -[0m
[0mGET /api/recipes [36m304[0m 23.253 ms - -[0m
[0mGET /api/recipes [36m304[0m 16.883 ms - -[0m
[0mGET /api/recipes [36m304[0m 19.441 ms - -[0m
[0mGET /api/recipes [36m304[0m 29.844 ms - -[0m
[0mGET /api/health [32m200[0m 1.458 ms - 15[0m
[0mGET /api/recipes [32m200[0m 7.646 ms - 1220[0m
[0mGET /api/recipes [32m200[0m 10.871 ms - 1220[0m
[0mPOST /api/recipes [32m201[0m 41.520 ms - 407[0m
[0mGET /api/recipes/536f4b61-e156-494a-b101-d4d72dba3585 [32m200[0m 8.746 ms - 434[0m
[0mGET /api/recipes/536f4b61-e156-494a-b101-d4d72dba3585 [36m304[0m 8.343 ms - -[0m
[0mGET /api/recipes [32m200[0m 9.714 ms - 1628[0m
[0mGET /api/recipes [36m304[0m 12.721 ms - -[0m
[0mGET /api/recipes/536f4b61-e156-494a-b101-d4d72dba3585 [36m304[0m 14.593 ms - -[0m
[0mGET /api/recipes/536f4b61-e156-494a-b101-d4d72dba3585 [36m304[0m 43.532 ms - -[0m
[0mGET /api/recipes [36m304[0m 17.172 ms - -[0m
[0mGET /api/recipes [36m304[0m 24.355 ms - -[0m
[0mGET /api/recipes [32m200[0m 34.793 ms - 1628[0m
[0mGET /api/recipes?category=Dessert [32m200[0m 11.365 ms - 1220[0m
[0mGET /api/recipes?category=Dinner [32m200[0m 7.041 ms - 2[0m
[0mGET /api/recipes?category=Vegan [32m200[0m 6.971 ms - 2[0m
[0mGET /api/recipes?category=Breakfast [32m200[0m 6.721 ms - 2[0m
[0mGET /api/recipes [36m304[0m 8.686 ms - -[0m
[0mGET /api/recipes [36m304[0m 11.510 ms - -[0m
[0mGET /api/recipes [36m304[0m 9.161 ms - -[0m
[0mGET /uploads/9ad76ee2-6e1b-44e0-83bd-e6514046941d.jpeg [32m200[0m 22.269 ms - 12504[0m
[0mGET /uploads/f4911c62-ff61-492f-9883-6bcd1fa41ddb.jpg [32m200[0m 34.456 ms - 395484[0m
[0mGET /api/recipes [36m304[0m 14.520 ms - -[0m
[0mGET /api/recipes [36m304[0m 9.925 ms - -[0m
[0mGET /uploads/f4911c62-ff61-492f-9883-6bcd1fa41ddb.jpg [36m304[0m 4.228 ms - -[0m
[0mGET /uploads/9ad76ee2-6e1b-44e0-83bd-e6514046941d.jpeg [36m304[0m 6.875 ms - -[0m
[0mGET /api/recipes/536f4b61-e156-494a-b101-d4d72dba3585 [36m304[0m 10.721 ms - -[0m
[0mGET /api/recipes/536f4b61-e156-494a-b101-d4d72dba3585 [36m304[0m 7.635 ms - -[0m
[0mDELETE /api/recipes/536f4b61-e156-494a-b101-d4d72dba3585 [32m204[0m 16.190 ms - -[0m
[0mGET /api/recipes [32m200[0m 9.824 ms - 1220[0m
[0mGET /api/recipes [36m304[0m 11.758 ms - -[0m
[0mGET /api/recipes [36m304[0m 14.569 ms - -[0m
[0mGET /api/recipes [36m304[0m 10.121 ms - -[0m
[0mGET /uploads/f4911c62-ff61-492f-9883-6bcd1fa41ddb.jpg [36m304[0m 2.733 ms - -[0m
[0mGET /api/recipes [36m304[0m 8.456 ms - -[0m
[0mGET /api/recipes [36m304[0m 8.520 ms - -[0m
[0mGET /uploads/f4911c62-ff61-492f-9883-6bcd1fa41ddb.jpg [36m304[0m 2.444 ms - -[0m
[0mGET /api/recipes [36m304[0m 6.933 ms - -[0m
[0mGET /api/recipes [36m304[0m 9.070 ms - -[0m
[0mGET /uploads/f4911c62-ff61-492f-9883-6bcd1fa41ddb.jpg [36m304[0m 5.708 ms - -[0m
[0mGET /api/recipes [36m304[0m 7.404 ms - -[0m
[0mGET /api/recipes [36m304[0m 4.924 ms - -[0m
[0mGET /uploads/f4911c62-ff61-492f-9883-6bcd1fa41ddb.jpg [36m304[0m 1.058 ms - -[0m
